TN:
SF:src\services\slices\createBurgerSlice\createBurgerSlice.ts
FN:19,prepare
FN:27,reducer
FN:37,deleteItem
FN:47,upItem
FN:59,downItem
FN:71,clearItem
FN:77,itemSelect
FNF:7
FNH:5
FNDA:1,prepare
FNDA:1,reducer
FNDA:1,deleteItem
FNDA:1,upItem
FNDA:0,downItem
FNDA:1,clearItem
FNDA:0,itemSelect
DA:1,1
DA:2,1
DA:3,1
DA:4,1
DA:5,1
DA:6,1
DA:7,1
DA:8,1
DA:9,1
DA:10,1
DA:11,1
DA:12,1
DA:13,1
DA:14,1
DA:15,1
DA:16,1
DA:17,1
DA:18,1
DA:19,1
DA:20,1
DA:21,1
DA:22,1
DA:23,1
DA:24,1
DA:25,1
DA:26,1
DA:27,1
DA:28,1
DA:29,1
DA:30,0
DA:31,1
DA:32,1
DA:33,1
DA:34,1
DA:35,1
DA:36,1
DA:37,1
DA:38,1
DA:39,1
DA:40,1
DA:41,1
DA:42,1
DA:43,0
DA:44,0
DA:45,1
DA:46,1
DA:47,1
DA:48,1
DA:49,1
DA:50,1
DA:51,1
DA:52,1
DA:53,1
DA:54,1
DA:55,1
DA:56,1
DA:57,1
DA:58,1
DA:59,1
DA:60,0
DA:61,0
DA:62,0
DA:63,0
DA:64,0
DA:65,0
DA:66,0
DA:67,0
DA:68,0
DA:69,1
DA:70,1
DA:71,1
DA:72,1
DA:73,1
DA:74,1
DA:75,1
DA:76,1
DA:77,1
DA:78,1
DA:79,1
DA:80,1
DA:81,1
DA:82,1
DA:83,1
DA:84,1
DA:85,1
DA:86,1
DA:87,1
DA:88,1
LF:88
LH:76
BRDA:19,0,0,1
BRDA:27,1,0,1
BRDA:29,2,0,0
BRDA:37,3,0,1
BRDA:42,4,0,0
BRDA:40,5,0,1
BRDA:47,6,0,1
BRDA:49,7,0,2
BRDA:71,8,0,1
BRF:9
BRH:7
end_of_record
